proguard/seeds.txt
com.jincaizi.BuildConfig
com.jincaizi.BuildConfig: boolean DEBUG
com.jincaizi.BuildConfig: BuildConfig()
com.jincaizi.R
com.jincaizi.R: R()
com.jincaizi.R$anim
com.jincaizi.R$anim: int loading
com.jincaizi.R$anim: R$anim()
com.jincaizi.R$array
com.jincaizi.R$array: int help_wanfa_name_items
com.jincaizi.R$array: int help_wanfa_url_items
com.jincaizi.R$array: int tikuan_card_kind
com.jincaizi.R$array: R$array()
com.jincaizi.R$attr
com.jincaizi.R$attr: int baodiTextColor
com.jincaizi.R$attr: int baodiTextSize
com.jincaizi.R$attr: int max
com.jincaizi.R$attr: int roundColor
com.jincaizi.R$attr: int roundProgressColor
com.jincaizi.R$attr: int roundWidth
com.jincaizi.R$attr: int style
com.jincaizi.R$attr: int textColor
com.jincaizi.R$attr: int textIsDisplayable
com.jincaizi.R$attr: int textSize
com.jincaizi.R$attr: R$attr()
com.jincaizi.R$color
com.jincaizi.R$color: int TextColorBlack
com.jincaizi.R$color: int TextColorGray
com.jincaizi.R$color: int TextColorWhite
com.jincaizi.R$color: int ToastBgColor
com.jincaizi.R$color: int bgColor
com.jincaizi.R$color: int black
com.jincaizi.R$color: int blue
com.jincaizi.R$color: int btnColor
com.jincaizi.R$color: int deep_red
com.jincaizi.R$color: int dialog_tiltle_blue
com.jincaizi.R$color: int downLoadBackFocus
com.jincaizi.R$color: int downLoadBackNomal
com.jincaizi.R$color: int downLoadBackPressed
com.jincaizi.R$color: int downLoadTextNomal
com.jincaizi.R$color: int downLoadTextPressed
com.jincaizi.R$color: int footer_backgroudcolor
com.jincaizi.R$color: int footer_black
com.jincaizi.R$color: int footer_blue
com.jincaizi.R$color: int footer_text_color
com.jincaizi.R$color: int full_red
com.jincaizi.R$color: int gray_111
com.jincaizi.R$color: int gray_333
com.jincaizi.R$color: int green
com.jincaizi.R$color: int half_orange
com.jincaizi.R$color: int k3_orange
com.jincaizi.R$color: int light_blue
com.jincaizi.R$color: int light_orange
com.jincaizi.R$color: int light_yellow
com.jincaizi.R$color: int modena
com.jincaizi.R$color: int orange
com.jincaizi.R$color: int orange_33
com.jincaizi.R$color: int orange_44
com.jincaizi.R$color: int red
com.jincaizi.R$color: int right_footer_text_color
com.jincaizi.R$color: int secondbtntextColor
com.jincaizi.R$color: int ssc_toggle_btn_textcolor
com.jincaizi.R$color: int table_spacing_line
com.jincaizi.R$dimen
com.jincaizi.R$dimen: int activity_horizontal_margin
com.jincaizi.R$dimen: int activity_vertical_margin
com.jincaizi.R$dimen: int bottom_tab_font_size
com.jincaizi.R$dimen: int bottom_tab_padding_drawable
com.jincaizi.R$dimen: int bottom_tab_padding_up
com.jincaizi.R$dimen: int contact_info_item_height
com.jincaizi.R$dimen: int main_footer_btn_weight
com.jincaizi.R$dimen: int main_head_bar_height
com.jincaizi.R$dimen: R$dimen()
...
android.support.v4.content.FileProvider
android.support.v4.content.FileProvider: FileProvider()
android.support.v4.content.FileProvider: boolean onCreate()
android.support.v4.content.FileProvider: void attachInfo(android.content.Context,android.content.pm.ProviderInfo)
android.support.v4.content.FileProvider: android.net.Uri getUriForFile(android.content.Context,java.lang.String,java.io.File)
android.support.v4.content.FileProvider: android.database.Cursor query(android.net.Uri,java.lang.String[],java.lang.String,java.lang.String[],java.lang.String)
android.support.v4.content.FileProvider: java.lang.String getType(android.net.Uri)
android.support.v4.content.FileProvider: android.net.Uri insert(android.net.Uri,android.content.ContentValues)
android.support.v4.content.FileProvider: int update(android.net.Uri,android.content.ContentValues,java.lang.String,java.lang.String[])
android.support.v4.content.FileProvider: int delete(android.net.Uri,java.lang.String,java.lang.String[])
android.support.v4.content.FileProvider: android.os.ParcelFileDescriptor openFile(android.net.Uri,java.lang.String)
android.support.v4.content.IntentCompat
android.support.v4.content.IntentCompat: java.lang.String ACTION_EXTERNAL_APPLICATIONS_AVAILABLE
android.support.v4.content.IntentCompat: java.lang.String ACTION_EXTERNAL_APPLICATIONS_UNAVAILABLE
android.support.v4.content.IntentCompat: java.lang.String EXTRA_CHANGED_PACKAGE_LIST
android.support.v4.content.IntentCompat: java.lang.String EXTRA_CHANGED_UID_LIST
android.support.v4.content.IntentCompat: java.lang.String EXTRA_HTML_TEXT
android.support.v4.content.IntentCompat: int FLAG_ACTIVITY_TASK_ON_HOME
android.support.v4.content.IntentCompat: int FLAG_ACTIVITY_CLEAR_TASK
android.support.v4.content.IntentCompat: android.content.Intent makeMainActivity(android.content.ComponentName)
android.support.v4.content.IntentCompat: android.content.Intent makeMainSelectorActivity(java.lang.String,java.lang.String)
android.support.v4.content.IntentCompat: android.content.Intent makeRestartActivityTask(android.content.ComponentName)
android.support.v4.content.Loader
android.support.v4.content.Loader: Loader(android.content.Context)
android.support.v4.content.Loader: void deliverResult(java.lang.Object)
android.support.v4.content.Loader: android.content.Context getContext()
android.support.v4.content.Loader: int getId()
android.support.v4.content.Loader: void registerListener(int,android.support.v4.content.Loader$OnLoadCompleteListener)
android.support.v4.content.Loader: void unregisterListener(android.support.v4.content.Loader$OnLoadCompleteListener)
android.support.v4.content.Loader: boolean isStarted()
android.support.v4.content.Loader: boolean isAbandoned()
android.support.v4.content.Loader: boolean isReset()
android.support.v4.content.Loader: void startLoading()
android.support.v4.content.Loader: void onStartLoading()
android.support.v4.content.Loader: void forceLoad()
android.support.v4.content.Loader: void onForceLoad()
android.support.v4.content.Loader: void stopLoading()
android.support.v4.content.Loader: void onStopLoading()
android.support.v4.content.Loader: void abandon()
android.support.v4.content.Loader: void onAbandon()
android.support.v4.content.Loader: void reset()
android.support.v4.content.Loader: void onReset()
android.support.v4.content.Loader: boolean takeContentChanged()
android.support.v4.content.Loader: void onContentChanged()
android.support.v4.content.Loader: java.lang.String dataToString(java.lang.Object)
android.support.v4.content.Loader: java.lang.String toString()
android.support.v4.content.Loader$ForceLoadContentObserver
android.support.v4.content.Loader$ForceLoadContentObserver: Loader$ForceLoadContentObserver(android.support.v4.content.Loader)
android.support.v4.content.Loader$ForceLoadContentObserver: boolean deliverSelfNotifications()
android.support.v4.content.Loader$ForceLoadContentObserver: void onChange(boolean)