proguard/mapping.txt
com.jincaizi.BuildConfig -> com.jincaizi.BuildConfig:
    boolean DEBUG -> DEBUG
com.jincaizi.R -> com.jincaizi.R:
com.jincaizi.R$anim -> com.jincaizi.R$anim:
    int loading -> loading
com.jincaizi.R$array -> com.jincaizi.R$array:
    int help_wanfa_name_items -> help_wanfa_name_items
    int help_wanfa_url_items -> help_wanfa_url_items
    int tikuan_card_kind -> tikuan_card_kind
com.jincaizi.R$attr -> com.jincaizi.R$attr:
    int baodiTextColor -> baodiTextColor
    int baodiTextSize -> baodiTextSize
    int max -> max
    int roundColor -> roundColor
    int roundProgressColor -> roundProgressColor
    int roundWidth -> roundWidth
    int style -> style
    int textColor -> textColor
    int textIsDisplayable -> textIsDisplayable
    int textSize -> textSize
com.jincaizi.R$color -> com.jincaizi.R$color:
    int TextColorBlack -> TextColorBlack
    int TextColorGray -> TextColorGray
    int TextColorWhite -> TextColorWhite
    int ToastBgColor -> ToastBgColor
    int bgColor -> bgColor
    int black -> black
    int blue -> blue
    int btnColor -> btnColor
    int deep_red -> deep_red
    int dialog_tiltle_blue -> dialog_tiltle_blue
    int downLoadBackFocus -> downLoadBackFocus
    int downLoadBackNomal -> downLoadBackNomal
    int downLoadBackPressed -> downLoadBackPressed
    int downLoadTextNomal -> downLoadTextNomal
    int downLoadTextPressed -> downLoadTextPressed
    int footer_backgroudcolor -> footer_backgroudcolor
    int footer_black -> footer_black
    int footer_blue -> footer_blue
    int footer_text_color -> footer_text_color
    int full_red -> full_red
    int gray_111 -> gray_111
    int gray_333 -> gray_333
    int green -> green
    int half_orange -> half_orange
    int k3_orange -> k3_orange
    int light_blue -> light_blue
    int light_orange -> light_orange
    int light_yellow -> light_yellow
    int modena -> modena
    int orange -> orange
    int orange_33 -> orange_33
    int orange_44 -> orange_44
    int red -> red
    int right_footer_text_color -> right_footer_text_color
    int secondbtntextColor -> secondbtntextColor
    int ssc_toggle_btn_textcolor -> ssc_toggle_btn_textcolor
    int table_spacing_line -> table_spacing_line
    int tc_bet_money -> tc_bet_money
    int tc_blue -> tc_blue
com.jincaizi.R$dimen -> com.jincaizi.R$dimen:
    int activity_horizontal_margin -> activity_horizontal_margin
    int activity_vertical_margin -> activity_vertical_margin
    int bottom_tab_font_size -> bottom_tab_font_size
    int bottom_tab_padding_drawable -> bottom_tab_padding_drawable
    int bottom_tab_padding_up -> bottom_tab_padding_up
    int contact_info_item_height -> contact_info_item_height
    int main_footer_btn_weight -> main_footer_btn_weight
    int main_head_bar_height -> main_head_bar_height
...
android.support.v4.view.ViewCompatJB -> android.support.v4.view.ViewCompatJB:
    boolean hasTransientState(android.view.View) -> hasTransientState
    void setHasTransientState(android.view.View,boolean) -> setHasTransientState
    void postInvalidateOnAnimation(android.view.View) -> postInvalidateOnAnimation
    void postInvalidateOnAnimation(android.view.View,int,int,int,int) -> postInvalidateOnAnimation
    void postOnAnimation(android.view.View,java.lang.Runnable) -> postOnAnimation
    void postOnAnimationDelayed(android.view.View,java.lang.Runnable,long) -> postOnAnimationDelayed
    int getImportantForAccessibility(android.view.View) -> getImportantForAccessibility
    void setImportantForAccessibility(android.view.View,int) -> setImportantForAccessibility
    boolean performAccessibilityAction(android.view.View,int,android.os.Bundle) -> performAccessibilityAction
    java.lang.Object getAccessibilityNodeProvider(android.view.View) -> getAccessibilityNodeProvider
    android.view.ViewParent getParentForAccessibility(android.view.View) -> getParentForAccessibility
android.support.v4.view.ViewConfigurationCompat -> android.support.v4.view.ViewConfigurationCompat:
    android.support.v4.view.ViewConfigurationCompat$ViewConfigurationVersionImpl IMPL -> a
    int getScaledPagingTouchSlop(android.view.ViewConfiguration) -> getScaledPagingTouchSlop
android.support.v4.view.ViewConfigurationCompat$BaseViewConfigurationVersionImpl -> android.support.v4.view.U:
    int getScaledPagingTouchSlop(android.view.ViewConfiguration) -> a
android.support.v4.view.ViewConfigurationCompat$FroyoViewConfigurationVersionImpl -> android.support.v4.view.V:
    int getScaledPagingTouchSlop(android.view.ViewConfiguration) -> a
android.support.v4.view.ViewConfigurationCompat$ViewConfigurationVersionImpl -> android.support.v4.view.W:
    int getScaledPagingTouchSlop(android.view.ViewConfiguration) -> a
android.support.v4.view.ViewGroupCompat -> android.support.v4.view.ViewGroupCompat:
    android.support.v4.view.ViewGroupCompat$ViewGroupCompatImpl IMPL -> a
    boolean onRequestSendAccessibilityEvent(android.view.ViewGroup,android.view.View,android.view.accessibility.AccessibilityEvent) -> onRequestSendAccessibilityEvent
    void setMotionEventSplittingEnabled(android.view.ViewGroup,boolean) -> setMotionEventSplittingEnabled
android.support.v4.view.ViewGroupCompat$ViewGroupCompatHCImpl -> android.support.v4.view.X:
    void setMotionEventSplittingEnabled(android.view.ViewGroup,boolean) -> a
android.support.v4.view.ViewGroupCompat$ViewGroupCompatIcsImpl -> android.support.v4.view.Y:
    boolean onRequestSendAccessibilityEvent(android.view.ViewGroup,android.view.View,android.view.accessibility.AccessibilityEvent) -> a
android.support.v4.view.ViewGroupCompat$ViewGroupCompatImpl -> android.support.v4.view.Z:
    boolean onRequestSendAccessibilityEvent(android.view.ViewGroup,android.view.View,android.view.accessibility.AccessibilityEvent) -> a
    void setMotionEventSplittingEnabled(android.view.ViewGroup,boolean) -> a
android.support.v4.view.ViewGroupCompat$ViewGroupCompatStubImpl -> android.support.v4.view.aa:
    boolean onRequestSendAccessibilityEvent(android.view.ViewGroup,android.view.View,android.view.accessibility.AccessibilityEvent) -> a
    void setMotionEventSplittingEnabled(android.view.ViewGroup,boolean) -> a