proguard/usage.txt
com.jincaizi.adapters.ZhuihaoDetailAdapter:
    private static final java.lang.String TAG
com.jincaizi.application.AppManager:
    private static final java.lang.String TAG
    47:47:private java.lang.Object readResolve()
com.jincaizi.application.AppManager$SingletonHolder:
    29:29:private AppManager$SingletonHolder()
com.jincaizi.kuaiwin.buycenter.K3_hz_fragment:
    private static final int HEZHI
    private static final int THREESAME
    private static final int TWOSAME
    private static final int THREEDIF
    private static final int TWODIF
    private static final int DISMISS
com.jincaizi.kuaiwin.buycenter.SmartFollow:
    private static final int LOGINREQUESTCODE
com.jincaizi.kuaiwin.buycenter.SumbitGroupBuy:
    private java.lang.String[] itemContents
com.jincaizi.kuaiwin.buycenter.SyxwPick:
    337:337:private int _getBetMoney()
com.jincaizi.kuaiwin.buycenter.sharexicai.DltPick:
    private static final int MAXBEISHU
    private static final int MINBEISHU
    private static final int MAXQISHU
    private static final int MINQISHU
com.jincaizi.kuaiwin.buycenter.sharexicai.FcsdPick:
    private static final int MAXBEISHU
    private static final int MINBEISHU
    private static final int MAXQISHU
    private static final int MINQISHU
com.jincaizi.kuaiwin.buycenter.sharexicai.GroupBuyXiCai:
    491:545:private void _postSFCFormData(java.lang.String,java.lang.String,java.lang.String)
com.jincaizi.kuaiwin.buycenter.sharexicai.PlsPick:
    private static final int MAXBEISHU
    private static final int MINBEISHU
    private static final int MAXQISHU
    private static final int MINQISHU
com.jincaizi.kuaiwin.buycenter.sharexicai.PlwPick:
    private static final int MAXBEISHU
    private static final int MINBEISHU
    private static final int MAXQISHU
    private static final int MINQISHU
com.jincaizi.kuaiwin.buycenter.sharexicai.QlcPick:
    private static final int MAXBEISHU
    private static final int MINBEISHU
    private static final int MAXQISHU
    private static final int MINQISHU
com.jincaizi.kuaiwin.buycenter.sharexicai.QxcPick:
    private static final int MAXBEISHU
    private static final int MINBEISHU
    private static final int MAXQISHU
    private static final int MINQISHU
com.jincaizi.kuaiwin.buycenter.sharexicai.SsqPick:
    private static final int MAXBEISHU
    private static final int MINBEISHU
    private static final int MAXQISHU
    private static final int MINQISHU
com.jincaizi.kuaiwin.hemaicenter.HemaiDetailActivity:
    private static final java.lang.String TAG
    private static final int LOGINREQUESTCODE
com.jincaizi.kuaiwin.hemaicenter.HemaiJinduFragment:
    private static final java.lang.String PAGESIZE
com.jincaizi.kuaiwin.hemaicenter.HemaiZongjineFragment:
    private static final java.lang.String PAGESIZE
com.jincaizi.kuaiwin.kjxx.QiCiDetailActivity:
    private static final java.lang.String TAG
com.jincaizi.kuaiwin.kjxx.ShuZiCaiHistoryKJ:
    private static final java.lang.String TAG
    private static final java.lang.String PAGESIZE
com.jincaizi.kuaiwin.mylottery.CardBinding:
    private static final int LOGINREQUESTCODE
    private static final java.lang.String TAG
com.jincaizi.kuaiwin.mylottery.EmailAuth:
    private static final java.lang.String TAG
com.jincaizi.kuaiwin.mylottery.Login:
    private static final int REGISTER
com.jincaizi.kuaiwin.mylottery.LotteryDetailActivity:
    private static final java.lang.String TAG
com.jincaizi.kuaiwin.mylottery.ModifyPwdActivity:
    private static final int LOGINREQUESTCODE
com.jincaizi.kuaiwin.mylottery.MyAccountChongzhiFragment:
    private static final java.lang.String PAGESIZE
com.jincaizi.kuaiwin.mylottery.MyAccountDetailFragment:
    private static final java.lang.String PAGESIZE
com.jincaizi.kuaiwin.mylottery.MyAccountTikuanFragment:
    private static final java.lang.String PAGESIZE
com.jincaizi.kuaiwin.mylottery.MyLotteryRecordDaigou:
    private static final java.lang.String TAG
    private static final java.lang.String PAGESIZE
...
android.support.v4.view.ViewCompat:
    private static final long FAKE_FRAME_TIME
android.support.v4.view.ViewCompatGingerbread:
    21:21:ViewCompatGingerbread()
android.support.v4.view.ViewCompatHC:
    23:23:ViewCompatHC()
android.support.v4.view.ViewCompatICS:
    27:27:ViewCompatICS()
android.support.v4.view.ViewCompatJellybeanMr1:
    25:25:ViewCompatJellybeanMr1()
android.support.v4.view.ViewConfigurationCompatFroyo:
    24:24:ViewConfigurationCompatFroyo()
android.support.v4.view.ViewGroupCompatHC:
    23:24:private ViewGroupCompatHC()
android.support.v4.view.ViewGroupCompatIcs:
    26:26:ViewGroupCompatIcs()
android.support.v4.view.ViewPager:
    private static final java.lang.String TAG
    private static final boolean DEBUG
    private static final boolean USE_CACHE
    private static final int DEFAULT_OFFSCREEN_PAGES
    private static final int MAX_SETTLE_DURATION
    private static final int MIN_DISTANCE_FOR_FLING
    private static final int DEFAULT_GUTTER_SIZE
    private static final int MIN_FLING_VELOCITY
    private boolean mIgnoreGutter
    private static final int INVALID_POINTER
    private static final int CLOSE_ENOUGH
    private static final int DRAW_ORDER_DEFAULT
    private static final int DRAW_ORDER_FORWARD
    private static final int DRAW_ORDER_REVERSE
    775:776:void smoothScrollTo(int,int)
android.support.v4.view.accessibility.AccessibilityEventCompatIcs:
    25:25:AccessibilityEventCompatIcs()
android.support.v4.view.accessibility.AccessibilityManagerCompatIcs:
    28:30:AccessibilityManagerCompatIcs()
android.support.v4.view.accessibility.AccessibilityNodeInfoCompatIcs:
    28:28:AccessibilityNodeInfoCompatIcs()
android.support.v4.view.accessibility.AccessibilityNodeInfoCompatJellyBean:
    26:26:AccessibilityNodeInfoCompatJellyBean()
android.support.v4.view.accessibility.AccessibilityNodeProviderCompatJellyBean:
    28:29:AccessibilityNodeProviderCompatJellyBean()
android.support.v4.view.accessibility.AccessibilityRecordCompatIcs:
    28:28:AccessibilityRecordCompatIcs()
android.support.v4.view.accessibility.AccessibilityRecordCompatIcsMr1:
    24:24:AccessibilityRecordCompatIcsMr1()
android.support.v4.view.accessibility.AccessibilityRecordCompatJellyBean:
    25:25:AccessibilityRecordCompatJellyBean()
android.support.v4.widget.DrawerLayout:
    private static final java.lang.String TAG
    private static final int MIN_DRAWER_MARGIN
    private static final int DEFAULT_SCRIM_COLOR
    private static final int PEEK_DELAY
    private static final int MIN_FLING_VELOCITY
    private static final boolean ALLOW_EDGE_LOCK
    532:540:void moveDrawerToOffset(android.view.View,float)
android.support.v4.widget.EdgeEffectCompatIcs:
    28:28:EdgeEffectCompatIcs()
android.support.v4.widget.ScrollerCompatGingerbread:
    24:24:ScrollerCompatGingerbread()
android.support.v4.widget.ScrollerCompatIcs:
    24:24:ScrollerCompatIcs()
android.support.v4.widget.SearchViewCompat:
    264:266:private SearchViewCompat(android.content.Context)
android.support.v4.widget.SearchViewCompatHoneycomb:
    30:37:SearchViewCompatHoneycomb()
android.support.v4.widget.SearchViewCompatIcs:
    26:28:SearchViewCompatIcs()
android.support.v4.widget.SlidingPaneLayout:
    private static final java.lang.String TAG
    private static final int DEFAULT_OVERHANG_SIZE
    private static final int DEFAULT_FADE_COLOR
    private static final int MIN_FLING_VELOCITY
android.support.v4.widget.ViewDragHelper:
    private static final java.lang.String TAG
    private static final int EDGE_SIZE
    private static final int BASE_SETTLE_DURATION
    private static final int MAX_SETTLE_DURATION
com.alipay.android.app.IAliPay$Stub:
    private static final java.lang.String DESCRIPTOR
    static final int TRANSACTION_Pay
    static final int TRANSACTION_test
    static final int TRANSACTION_registerCallback
    static final int TRANSACTION_unregisterCallback